Info: CustomCategory:introduccion: 10 mini seconds publishing element
Info: Artifact:introduccion: 0 mini seconds publishing element
Info: CustomCategory:procesos: 16 mini seconds publishing element
Info: Task:hablar_con_los_encargados_de_cada_area: 14 mini seconds publishing element
Info: Task:revisar_requisitos: 2 mini seconds publishing element
Info: Task:realizar_casos_de_uso: 8 mini seconds publishing element
Info: Task:realizar_diagrama_de_flujo_de_proceso_de_login: 2 mini seconds publishing element
Info: Task:realizar_especificaciones_de_los_requisitos: 14 mini seconds publishing element
Info: Task:realizar_matriz_de_riesgo: 8 mini seconds publishing element
Info: Task:realizar_diagrama_de_arquitectura: 13 mini seconds publishing element
Info: Task:realizar_documento_de_componentes_de_seguridad: 5 mini seconds publishing element
Info: Task:realizar_especificaciones_tecnicas: 10 mini seconds publishing element
Info: Task:realizar_plan_de_mitigacion_de_riesgos: 12 mini seconds publishing element
Info: Task:presentar_diseno_de_las_interfaces: 8 mini seconds publishing element
Info: Task:realizar_diagrama_de_clases: 8 mini seconds publishing element
Info: Task:realizar_diagrama_de_interaccion: 2 mini seconds publishing element
Info: Task:realizar_las_directrices_de_patrones_de_disenos: 10 mini seconds publishing element
Info: Task:realizar_informe_de_evaluacion_de_riesgos: 3 mini seconds publishing element
Info: Task:realizar_las_recomendaciones_de_seguridad: 7 mini seconds publishing element
Info: Task:realizar_matriz_de_riesgo: 10 mini seconds publishing element
Info: Task:realizar_plan_de_mitigacion_de_riesgos: 12 mini seconds publishing element
Info: Task:desarrollar_codigo: 8 mini seconds publishing element
Info: Task:realizar_funciones: 6 mini seconds publishing element
Info: Task:realizar_informe_de_pruebas: 9 mini seconds publishing element
Info: Task:realizar_metodos: 10 mini seconds publishing element
Info: Task:describir_las_politicas_de_seguridad_de_base_de_datos: 10 mini seconds publishing element
Info: Task:realizar_diagrama_mer: 3 mini seconds publishing element
Info: Task:realizar_modelado_de_datos_fisicos: 7 mini seconds publishing element
Info: Task:realizar_procedimiento_de_respaldo_y_recuperacion: 15 mini seconds publishing element
Info: Task:desarrollar_el_registro_de_defectos: 10 mini seconds publishing element
Info: Task:realizar_casos_de_prueba: 5 mini seconds publishing element
Info: Task:realizar_informe_de_pruebas: 11 mini seconds publishing element
Info: Task:realizar_plan_de_pruebas: 2 mini seconds publishing element
Info: CustomCategory:artefactos: 17 mini seconds publishing element
Info: Artifact:funcionalidad_desarrollada: 0 mini seconds publishing element
Info: Artifact:requisitos: 10 mini seconds publishing element
Info: Artifact:diagrama_de_caso_de_uso: 0 mini seconds publishing element
Info: Artifact:diagrama_de_caso_de_uso_finalizado: 12 mini seconds publishing element
Info: Artifact:diagrama_de_flujo: 15 mini seconds publishing element
Info: Artifact:diagrama_de_flujo_terminado: 10 mini seconds publishing element
Info: Artifact:guia_de_requisitos_finalizado: 0 mini seconds publishing element
Info: Artifact:matriz_de_riesgo_finalizada: 10 mini seconds publishing element
Info: Artifact:planeacion_de_requisitos: 0 mini seconds publishing element
Info: Artifact:planeacion_matriz_de_riesgo: 10 mini seconds publishing element
Info: Artifact:componentes_de_seguridad_: 6 mini seconds publishing element
Info: Artifact:diagrama_de_arquitectura_terminado: 7 mini seconds publishing element
Info: Artifact:documento_terminado: 0 mini seconds publishing element
Info: Artifact:especificaciones_tecnicas: 9 mini seconds publishing element
Info: Artifact:especificaciones_tecnicas_terminadas: 0 mini seconds publishing element
Info: Artifact:plan_de_mitigacion_de_riesgos: 0 mini seconds publishing element
Info: Artifact:plan_de_mitigacion_de_riesgos_terminado: 10 mini seconds publishing element
Info: Artifact:planear_diagrama_de_arquitectura: 0 mini seconds publishing element
Info: Artifact:diagrama: 10 mini seconds publishing element
Info: Artifact:diagrama_finalizado: 3 mini seconds publishing element
Info: Artifact:diseno_de_interfaces: 7 mini seconds publishing element
Info: Artifact:diseno_de_interfaces_realizado: 10 mini seconds publishing element
Info: Artifact:documento_patrones: 0 mini seconds publishing element
Info: Artifact:documento_patrones_finalizado: 0 mini seconds publishing element
Info: Artifact:matriz_de_riesgo_finalizada: 5 mini seconds publishing element
Info: Artifact:plan_de_mitigacion_de_riesgos: 5 mini seconds publishing element
Info: Artifact:plan_de_mitigacion_de_riesgos_terminado: 0 mini seconds publishing element
Info: Artifact:planeacion_matriz_de_riesgo: 0 mini seconds publishing element
Info: Artifact:desarrollo_en_el_lenguaje_establecido_java: 5 mini seconds publishing element
Info: Artifact:funciones_implementadas: 8 mini seconds publishing element
Info: Artifact:implementar_funciones: 3 mini seconds publishing element
Info: Artifact:implementar_metodos: 4 mini seconds publishing element
Info: Artifact:informe_de_pruebas_realizado: 0 mini seconds publishing element
Info: Artifact:metodos_implementados: 2 mini seconds publishing element
Info: Artifact:realizar_informe_de_pruebas: 9 mini seconds publishing element
Info: Artifact:diagrama: 0 mini seconds publishing element
Info: Artifact:diagrama_mer_finalizado: 9 mini seconds publishing element
Info: Artifact:documento: 0 mini seconds publishing element
Info: Artifact:documento_finalizado: 13 mini seconds publishing element
Info: Artifact:modelado_de_datos: 7 mini seconds publishing element
Info: Artifact:modelado_de_datos_finalizado: 5 mini seconds publishing element
Info: CustomCategory:roles: 5 mini seconds publishing element
Info: Role:gerente_del_proyecto: 21 mini seconds publishing element
Info: Role:analista_de_requisitos: 19 mini seconds publishing element
Info: Role:arquitecto_de_software: 39 mini seconds publishing element
Info: Role:disenador_de_ui-ux: 16 mini seconds publishing element
Info: Role:auditor_de_seguridad: 16 mini seconds publishing element
Info: Role:desarrollador_lider: 22 mini seconds publishing element
Info: Role:administrador_bd: 27 mini seconds publishing element
Info: Role:tester: 14 mini seconds publishing element
Info: Checklist:checklist_para_requisitos: 6 mini seconds publishing element
Info: : Publishing time: 0 minutes 1 seconds
